[debug] [2025-09-14T22:17:33.698Z] ----------------------------------------------------------------------
[debug] [2025-09-14T22:17:33.703Z] Command:       /Users/roycewilliams/.nvm/versions/node/v22.14.0/bin/node /Users/roycewilliams/.nvm/versions/node/v22.14.0/bin/firebase deploy --only functions
[debug] [2025-09-14T22:17:33.704Z] CLI Version:   13.35.1
[debug] [2025-09-14T22:17:33.704Z] Platform:      darwin
[debug] [2025-09-14T22:17:33.704Z] Node Version:  v22.14.0
[debug] [2025-09-14T22:17:33.704Z] Time:          Sun Sep 14 2025 15:17:33 GMT-0700 (Pacific Daylight Time)
[debug] [2025-09-14T22:17:33.704Z] ----------------------------------------------------------------------
[debug] 
[debug] [2025-09-14T22:17:33.768Z] > command requires scopes: ["email","openid","https://www.googleapis.com/auth/cloudplatformprojects.readonly","https://www.googleapis.com/auth/firebase","https://www.googleapis.com/auth/cloud-platform"]
[debug] [2025-09-14T22:17:33.768Z] > authorizing via signed-in user (roycewilliamsj@gmail.com)
[debug] [2025-09-14T22:17:33.769Z] [iam] checking project from-royce for permissions ["cloudfunctions.functions.create","cloudfunctions.functions.delete","cloudfunctions.functions.get","cloudfunctions.functions.list","cloudfunctions.functions.update","cloudfunctions.operations.get","firebase.projects.get"]
[debug] [2025-09-14T22:17:33.769Z] Checked if tokens are valid: true, expires at: 1757889502822
[debug] [2025-09-14T22:17:33.769Z] Checked if tokens are valid: true, expires at: 1757889502822
[debug] [2025-09-14T22:17:33.769Z] >>> [apiv2][query] POST https://cloudresourcemanager.googleapis.com/v1/projects/from-royce:testIamPermissions [none]
[debug] [2025-09-14T22:17:33.769Z] >>> [apiv2][(partial)header] POST https://cloudresourcemanager.googleapis.com/v1/projects/from-royce:testIamPermissions x-goog-quota-user=projects/from-royce
[debug] [2025-09-14T22:17:33.769Z] >>> [apiv2][body] POST https://cloudresourcemanager.googleapis.com/v1/projects/from-royce:testIamPermissions {"permissions":["cloudfunctions.functions.create","cloudfunctions.functions.delete","cloudfunctions.functions.get","cloudfunctions.functions.list","cloudfunctions.functions.update","cloudfunctions.operations.get","firebase.projects.get"]}
[debug] [2025-09-14T22:17:33.942Z] <<< [apiv2][status] POST https://cloudresourcemanager.googleapis.com/v1/projects/from-royce:testIamPermissions 200
[debug] [2025-09-14T22:17:33.943Z] <<< [apiv2][body] POST https://cloudresourcemanager.googleapis.com/v1/projects/from-royce:testIamPermissions {"permissions":["cloudfunctions.functions.create","cloudfunctions.functions.delete","cloudfunctions.functions.get","cloudfunctions.functions.list","cloudfunctions.functions.update","cloudfunctions.operations.get","firebase.projects.get"]}
[debug] [2025-09-14T22:17:33.943Z] Checked if tokens are valid: true, expires at: 1757889502822
[debug] [2025-09-14T22:17:33.943Z] Checked if tokens are valid: true, expires at: 1757889502822
[debug] [2025-09-14T22:17:33.943Z] >>> [apiv2][query] POST https://iam.googleapis.com/v1/projects/from-royce/serviceAccounts/from-royce@appspot.gserviceaccount.com:testIamPermissions [none]
[debug] [2025-09-14T22:17:33.943Z] >>> [apiv2][body] POST https://iam.googleapis.com/v1/projects/from-royce/serviceAccounts/from-royce@appspot.gserviceaccount.com:testIamPermissions {"permissions":["iam.serviceAccounts.actAs"]}
[debug] [2025-09-14T22:17:34.422Z] <<< [apiv2][status] POST https://iam.googleapis.com/v1/projects/from-royce/serviceAccounts/from-royce@appspot.gserviceaccount.com:testIamPermissions 200
[debug] [2025-09-14T22:17:34.423Z] <<< [apiv2][body] POST https://iam.googleapis.com/v1/projects/from-royce/serviceAccounts/from-royce@appspot.gserviceaccount.com:testIamPermissions {"permissions":["iam.serviceAccounts.actAs"]}
[info] 
[info] === Deploying to 'from-royce'...
[info] 
[info] i  deploying functions 
[debug] [2025-09-14T22:17:34.425Z] Checked if tokens are valid: true, expires at: 1757889502822
[debug] [2025-09-14T22:17:34.425Z] Checked if tokens are valid: true, expires at: 1757889502822
[debug] [2025-09-14T22:17:34.425Z] >>> [apiv2][query] GET https://cloudresourcemanager.googleapis.com/v1/projects/from-royce [none]
[debug] [2025-09-14T22:17:34.544Z] <<< [apiv2][status] GET https://cloudresourcemanager.googleapis.com/v1/projects/from-royce 200
[debug] [2025-09-14T22:17:34.544Z] <<< [apiv2][body] GET https://cloudresourcemanager.googleapis.com/v1/projects/from-royce {"projectNumber":"1042271682270","projectId":"from-royce","lifecycleState":"ACTIVE","name":"from-royce","labels":{"firebase":"enabled","firebase-core":"disabled"},"createTime":"2025-02-01T17:25:21.500891Z"}
[info] i  functions: preparing codebase default for deployment 
[info] i  functions: ensuring required API cloudfunctions.googleapis.com is enabled... 
[debug] [2025-09-14T22:17:34.546Z] Checked if tokens are valid: true, expires at: 1757889502822
[debug] [2025-09-14T22:17:34.546Z] Checked if tokens are valid: true, expires at: 1757889502822
[debug] [2025-09-14T22:17:34.546Z] Checked if tokens are valid: true, expires at: 1757889502822
[debug] [2025-09-14T22:17:34.546Z] Checked if tokens are valid: true, expires at: 1757889502822
[info] i  functions: ensuring required API cloudbuild.googleapis.com is enabled... 
[debug] [2025-09-14T22:17:34.546Z] Checked if tokens are valid: true, expires at: 1757889502822
[debug] [2025-09-14T22:17:34.546Z] Checked if tokens are valid: true, expires at: 1757889502822
[info] i  artifactregistry: ensuring required API artifactregistry.googleapis.com is enabled... 
[debug] [2025-09-14T22:17:34.546Z] Checked if tokens are valid: true, expires at: 1757889502822
[debug] [2025-09-14T22:17:34.546Z] Checked if tokens are valid: true, expires at: 1757889502822
[debug] [2025-09-14T22:17:34.546Z] >>> [apiv2][query] GET https://serviceusage.googleapis.com/v1/projects/from-royce/services/cloudfunctions.googleapis.com [none]
[debug] [2025-09-14T22:17:34.546Z] >>> [apiv2][(partial)header] GET https://serviceusage.googleapis.com/v1/projects/from-royce/services/cloudfunctions.googleapis.com x-goog-quota-user=projects/from-royce
[debug] [2025-09-14T22:17:34.548Z] >>> [apiv2][query] GET https://serviceusage.googleapis.com/v1/projects/from-royce/services/runtimeconfig.googleapis.com [none]
[debug] [2025-09-14T22:17:34.548Z] >>> [apiv2][(partial)header] GET https://serviceusage.googleapis.com/v1/projects/from-royce/services/runtimeconfig.googleapis.com x-goog-quota-user=projects/from-royce
[debug] [2025-09-14T22:17:34.549Z] >>> [apiv2][query] GET https://serviceusage.googleapis.com/v1/projects/from-royce/services/cloudbuild.googleapis.com [none]
[debug] [2025-09-14T22:17:34.549Z] >>> [apiv2][(partial)header] GET https://serviceusage.googleapis.com/v1/projects/from-royce/services/cloudbuild.googleapis.com x-goog-quota-user=projects/from-royce
[debug] [2025-09-14T22:17:34.550Z] >>> [apiv2][query] GET https://serviceusage.googleapis.com/v1/projects/from-royce/services/artifactregistry.googleapis.com [none]
[debug] [2025-09-14T22:17:34.550Z] >>> [apiv2][(partial)header] GET https://serviceusage.googleapis.com/v1/projects/from-royce/services/artifactregistry.googleapis.com x-goog-quota-user=projects/from-royce
[debug] [2025-09-14T22:17:35.064Z] <<< [apiv2][status] GET https://serviceusage.googleapis.com/v1/projects/from-royce/services/cloudfunctions.googleapis.com 200
[debug] [2025-09-14T22:17:35.064Z] <<< [apiv2][body] GET https://serviceusage.googleapis.com/v1/projects/from-royce/services/cloudfunctions.googleapis.com [omitted]
[info] ✔  functions: required API cloudfunctions.googleapis.com is enabled 
[debug] [2025-09-14T22:17:35.070Z] <<< [apiv2][status] GET https://serviceusage.googleapis.com/v1/projects/from-royce/services/artifactregistry.googleapis.com 200
[debug] [2025-09-14T22:17:35.070Z] <<< [apiv2][body] GET https://serviceusage.googleapis.com/v1/projects/from-royce/services/artifactregistry.googleapis.com [omitted]
[info] ✔  artifactregistry: required API artifactregistry.googleapis.com is enabled 
[debug] [2025-09-14T22:17:35.089Z] <<< [apiv2][status] GET https://serviceusage.googleapis.com/v1/projects/from-royce/services/runtimeconfig.googleapis.com 200
[debug] [2025-09-14T22:17:35.089Z] <<< [apiv2][body] GET https://serviceusage.googleapis.com/v1/projects/from-royce/services/runtimeconfig.googleapis.com [omitted]
[debug] [2025-09-14T22:17:35.093Z] <<< [apiv2][status] GET https://serviceusage.googleapis.com/v1/projects/from-royce/services/cloudbuild.googleapis.com 200
[debug] [2025-09-14T22:17:35.093Z] <<< [apiv2][body] GET https://serviceusage.googleapis.com/v1/projects/from-royce/services/cloudbuild.googleapis.com [omitted]
[info] ✔  functions: required API cloudbuild.googleapis.com is enabled 
[debug] [2025-09-14T22:17:35.093Z] Checked if tokens are valid: true, expires at: 1757889502822
[debug] [2025-09-14T22:17:35.093Z] Checked if tokens are valid: true, expires at: 1757889502822
[debug] [2025-09-14T22:17:35.093Z] >>> [apiv2][query] GET https://firebase.googleapis.com/v1beta1/projects/from-royce/adminSdkConfig [none]
[debug] [2025-09-14T22:17:35.588Z] <<< [apiv2][status] GET https://firebase.googleapis.com/v1beta1/projects/from-royce/adminSdkConfig 200
[debug] [2025-09-14T22:17:35.588Z] <<< [apiv2][body] GET https://firebase.googleapis.com/v1beta1/projects/from-royce/adminSdkConfig {"projectId":"from-royce","storageBucket":"from-royce.firebasestorage.app"}
[debug] [2025-09-14T22:17:35.589Z] Checked if tokens are valid: true, expires at: 1757889502822
[debug] [2025-09-14T22:17:35.589Z] Checked if tokens are valid: true, expires at: 1757889502822
[debug] [2025-09-14T22:17:35.589Z] >>> [apiv2][query] GET https://runtimeconfig.googleapis.com/v1beta1/projects/from-royce/configs [none]
[debug] [2025-09-14T22:17:35.839Z] <<< [apiv2][status] GET https://runtimeconfig.googleapis.com/v1beta1/projects/from-royce/configs 200
[debug] [2025-09-14T22:17:35.840Z] <<< [apiv2][body] GET https://runtimeconfig.googleapis.com/v1beta1/projects/from-royce/configs {"configs":[{"name":"projects/from-royce/configs/myfirebase"},{"name":"projects/from-royce/configs/db"}]}
[debug] [2025-09-14T22:17:35.840Z] Checked if tokens are valid: true, expires at: 1757889502822
[debug] [2025-09-14T22:17:35.841Z] Checked if tokens are valid: true, expires at: 1757889502822
[debug] [2025-09-14T22:17:35.841Z] Checked if tokens are valid: true, expires at: 1757889502822
[debug] [2025-09-14T22:17:35.841Z] Checked if tokens are valid: true, expires at: 1757889502822
[debug] [2025-09-14T22:17:35.841Z] >>> [apiv2][query] GET https://runtimeconfig.googleapis.com/v1beta1/projects/from-royce/configs/myfirebase/variables [none]
[debug] [2025-09-14T22:17:35.841Z] >>> [apiv2][query] GET https://runtimeconfig.googleapis.com/v1beta1/projects/from-royce/configs/db/variables [none]
[debug] [2025-09-14T22:17:35.993Z] <<< [apiv2][status] GET https://runtimeconfig.googleapis.com/v1beta1/projects/from-royce/configs/myfirebase/variables 200
[debug] [2025-09-14T22:17:35.993Z] <<< [apiv2][body] GET https://runtimeconfig.googleapis.com/v1beta1/projects/from-royce/configs/myfirebase/variables {"variables":[{"name":"projects/from-royce/configs/myfirebase/variables/messaging_sender_id","updateTime":"2025-03-24T21:18:03.105799763Z"},{"name":"projects/from-royce/configs/myfirebase/variables/project_id","updateTime":"2025-03-24T21:18:03.136445580Z"},{"name":"projects/from-royce/configs/myfirebase/variables/storage_bucket","updateTime":"2025-03-24T21:18:03.138610855Z"},{"name":"projects/from-royce/configs/myfirebase/variables/api_key","updateTime":"2025-03-24T21:18:03.111857107Z"},{"name":"projects/from-royce/configs/myfirebase/variables/app_id","updateTime":"2025-03-24T21:18:03.116106518Z"},{"name":"projects/from-royce/configs/myfirebase/variables/auth_domain","updateTime":"2025-03-24T21:18:03.151422340Z"},{"name":"projects/from-royce/configs/myfirebase/variables/measurement_id","updateTime":"2025-03-24T21:18:03.138274727Z"}]}
[debug] [2025-09-14T22:17:35.993Z] Checked if tokens are valid: true, expires at: 1757889502822
[debug] [2025-09-14T22:17:35.993Z] Checked if tokens are valid: true, expires at: 1757889502822
[debug] [2025-09-14T22:17:35.993Z] Checked if tokens are valid: true, expires at: 1757889502822
[debug] [2025-09-14T22:17:35.993Z] Checked if tokens are valid: true, expires at: 1757889502822
[debug] [2025-09-14T22:17:35.994Z] Checked if tokens are valid: true, expires at: 1757889502822
[debug] [2025-09-14T22:17:35.994Z] Checked if tokens are valid: true, expires at: 1757889502822
[debug] [2025-09-14T22:17:35.994Z] Checked if tokens are valid: true, expires at: 1757889502822
[debug] [2025-09-14T22:17:35.994Z] Checked if tokens are valid: true, expires at: 1757889502822
[debug] [2025-09-14T22:17:35.994Z] Checked if tokens are valid: true, expires at: 1757889502822
[debug] [2025-09-14T22:17:35.994Z] Checked if tokens are valid: true, expires at: 1757889502822
[debug] [2025-09-14T22:17:35.994Z] Checked if tokens are valid: true, expires at: 1757889502822
[debug] [2025-09-14T22:17:35.994Z] Checked if tokens are valid: true, expires at: 1757889502822
[debug] [2025-09-14T22:17:35.994Z] Checked if tokens are valid: true, expires at: 1757889502822
[debug] [2025-09-14T22:17:35.994Z] Checked if tokens are valid: true, expires at: 1757889502822
[debug] [2025-09-14T22:17:35.994Z] >>> [apiv2][query] GET https://runtimeconfig.googleapis.com/v1beta1/projects/from-royce/configs/myfirebase/variables/messaging_sender_id [none]
[debug] [2025-09-14T22:17:35.994Z] >>> [apiv2][query] GET https://runtimeconfig.googleapis.com/v1beta1/projects/from-royce/configs/myfirebase/variables/project_id [none]
[debug] [2025-09-14T22:17:35.996Z] >>> [apiv2][query] GET https://runtimeconfig.googleapis.com/v1beta1/projects/from-royce/configs/myfirebase/variables/storage_bucket [none]
[debug] [2025-09-14T22:17:35.998Z] >>> [apiv2][query] GET https://runtimeconfig.googleapis.com/v1beta1/projects/from-royce/configs/myfirebase/variables/api_key [none]
[debug] [2025-09-14T22:17:35.999Z] >>> [apiv2][query] GET https://runtimeconfig.googleapis.com/v1beta1/projects/from-royce/configs/myfirebase/variables/app_id [none]
[debug] [2025-09-14T22:17:36.000Z] >>> [apiv2][query] GET https://runtimeconfig.googleapis.com/v1beta1/projects/from-royce/configs/myfirebase/variables/auth_domain [none]
[debug] [2025-09-14T22:17:36.001Z] >>> [apiv2][query] GET https://runtimeconfig.googleapis.com/v1beta1/projects/from-royce/configs/myfirebase/variables/measurement_id [none]
[debug] [2025-09-14T22:17:36.077Z] <<< [apiv2][status] GET https://runtimeconfig.googleapis.com/v1beta1/projects/from-royce/configs/db/variables 200
[debug] [2025-09-14T22:17:36.077Z] <<< [apiv2][body] GET https://runtimeconfig.googleapis.com/v1beta1/projects/from-royce/configs/db/variables {"variables":[{"name":"projects/from-royce/configs/db/variables/url","updateTime":"2025-09-14T21:38:27.230064636Z"}]}
[debug] [2025-09-14T22:17:36.077Z] Checked if tokens are valid: true, expires at: 1757889502822
[debug] [2025-09-14T22:17:36.077Z] Checked if tokens are valid: true, expires at: 1757889502822
[debug] [2025-09-14T22:17:36.077Z] >>> [apiv2][query] GET https://runtimeconfig.googleapis.com/v1beta1/projects/from-royce/configs/db/variables/url [none]
[debug] [2025-09-14T22:17:36.165Z] <<< [apiv2][status] GET https://runtimeconfig.googleapis.com/v1beta1/projects/from-royce/configs/myfirebase/variables/messaging_sender_id 200
[debug] [2025-09-14T22:17:36.166Z] <<< [apiv2][body] GET https://runtimeconfig.googleapis.com/v1beta1/projects/from-royce/configs/myfirebase/variables/messaging_sender_id {"name":"projects/from-royce/configs/myfirebase/variables/messaging_sender_id","updateTime":"2025-03-24T21:18:03.105799763Z","text":"1042271682270"}
[debug] [2025-09-14T22:17:36.218Z] <<< [apiv2][status] GET https://runtimeconfig.googleapis.com/v1beta1/projects/from-royce/configs/myfirebase/variables/auth_domain 200
[debug] [2025-09-14T22:17:36.218Z] <<< [apiv2][body] GET https://runtimeconfig.googleapis.com/v1beta1/projects/from-royce/configs/myfirebase/variables/auth_domain {"name":"projects/from-royce/configs/myfirebase/variables/auth_domain","updateTime":"2025-03-24T21:18:03.151422340Z","text":"from-royce.firebaseapp.com"}
[debug] [2025-09-14T22:17:36.228Z] <<< [apiv2][status] GET https://runtimeconfig.googleapis.com/v1beta1/projects/from-royce/configs/myfirebase/variables/storage_bucket 200
[debug] [2025-09-14T22:17:36.228Z] <<< [apiv2][body] GET https://runtimeconfig.googleapis.com/v1beta1/projects/from-royce/configs/myfirebase/variables/storage_bucket {"name":"projects/from-royce/configs/myfirebase/variables/storage_bucket","updateTime":"2025-03-24T21:18:03.138610855Z","text":"from-royce.appspot.com"}
[debug] [2025-09-14T22:17:36.229Z] <<< [apiv2][status] GET https://runtimeconfig.googleapis.com/v1beta1/projects/from-royce/configs/myfirebase/variables/api_key 200
[debug] [2025-09-14T22:17:36.229Z] <<< [apiv2][body] GET https://runtimeconfig.googleapis.com/v1beta1/projects/from-royce/configs/myfirebase/variables/api_key {"name":"projects/from-royce/configs/myfirebase/variables/api_key","updateTime":"2025-03-24T21:18:03.111857107Z","text":"AIzaSyC35mHjkhJgyiLXd8lzwVn2QE_PSkNkvmA"}
[debug] [2025-09-14T22:17:36.229Z] <<< [apiv2][status] GET https://runtimeconfig.googleapis.com/v1beta1/projects/from-royce/configs/myfirebase/variables/project_id 200
[debug] [2025-09-14T22:17:36.229Z] <<< [apiv2][body] GET https://runtimeconfig.googleapis.com/v1beta1/projects/from-royce/configs/myfirebase/variables/project_id {"name":"projects/from-royce/configs/myfirebase/variables/project_id","updateTime":"2025-03-24T21:18:03.136445580Z","text":"from-royce"}
[debug] [2025-09-14T22:17:36.232Z] <<< [apiv2][status] GET https://runtimeconfig.googleapis.com/v1beta1/projects/from-royce/configs/myfirebase/variables/measurement_id 200
[debug] [2025-09-14T22:17:36.232Z] <<< [apiv2][body] GET https://runtimeconfig.googleapis.com/v1beta1/projects/from-royce/configs/myfirebase/variables/measurement_id {"name":"projects/from-royce/configs/myfirebase/variables/measurement_id","updateTime":"2025-03-24T21:18:03.138274727Z","text":"G-L3241H26V3"}
[debug] [2025-09-14T22:17:36.243Z] <<< [apiv2][status] GET https://runtimeconfig.googleapis.com/v1beta1/projects/from-royce/configs/myfirebase/variables/app_id 200
[debug] [2025-09-14T22:17:36.243Z] <<< [apiv2][body] GET https://runtimeconfig.googleapis.com/v1beta1/projects/from-royce/configs/myfirebase/variables/app_id {"name":"projects/from-royce/configs/myfirebase/variables/app_id","updateTime":"2025-03-24T21:18:03.116106518Z","text":"1:1042271682270:web:1a7ecfa216621cce3b4c4f"}
[debug] [2025-09-14T22:17:36.338Z] <<< [apiv2][status] GET https://runtimeconfig.googleapis.com/v1beta1/projects/from-royce/configs/db/variables/url 200
[debug] [2025-09-14T22:17:36.338Z] <<< [apiv2][body] GET https://runtimeconfig.googleapis.com/v1beta1/projects/from-royce/configs/db/variables/url {"name":"projects/from-royce/configs/db/variables/url","updateTime":"2025-09-14T21:38:27.230064636Z","text":"postgres://user:password@host:5432/dbname"}
[debug] [2025-09-14T22:17:36.339Z] Validating nodejs source
[warn] ⚠  functions: package.json indicates an outdated version of firebase-functions. Please upgrade using npm install --save firebase-functions@latest in your functions directory. 
[warn] ⚠  functions: Please note that there will be breaking changes when you upgrade. 
[debug] [2025-09-14T22:17:36.858Z] > [functions] package.json contents: {
  "name": "functions",
  "version": "1.0.0",
  "main": "index.js",
  "scripts": {
    "build": "echo 'nothing to build for functions'",
    "serve": "firebase emulators:start --only functions",
    "deploy": "firebase deploy --only functions",
    "lint": "echo 'no linting setup'"
  },
  "author": "",
  "license": "ISC",
  "dependencies": {
    "@gsap/react": "^2.1.2",
    "cors": "^2.8.5",
    "dotenv": "^16.4.7",
    "express": "^4.21.2",
    "firebase": "^11.5.0",
    "firebase-admin": "^12.7.0",
    "firebase-functions": "^4.9.0",
    "gsap": "^3.12.7",
    "next": "^15.2.3",
    "nodemon": "^3.1.9",
    "pg": "^8.14.1",
    "react": "^19.0.0",
    "react-dom": "^19.0.0"
  },
  "devDependencies": {
    "@types/cors": "^2.8.17",
    "@types/express": "^5.0.0"
  },
  "engines": {
    "node": "20"
  },
  "keywords": [],
  "description": ""
}
[debug] [2025-09-14T22:17:36.858Z] Building nodejs source
[info] i  functions: Loading and analyzing source code for codebase default to determine what to deploy 
[info] i  functions: You are using a version of firebase-functions SDK (4.9.0) that does not have support for the newest Firebase Extensions features. Please update firebase-functions SDK to >=5.1.0 to use them correctly 
[debug] [2025-09-14T22:17:36.859Z] Could not find functions.yaml. Must use http discovery
[debug] [2025-09-14T22:17:36.865Z] Found firebase-functions binary at '/Users/roycewilliams/from-royce/functions/node_modules/.bin/firebase-functions'
[info] Serving at port 8891

[info] DB URL being used: postgresql://postgres@localhost:5432/blog

[info] Express server running on http://localhost:5002

[debug] [2025-09-14T22:17:37.063Z] Got response from /__/functions.yaml {"endpoints":{"nextApp":{"availableMemoryMb":null,"timeoutSeconds":null,"minInstances":null,"maxInstances":null,"ingressSettings":null,"concurrency":null,"serviceAccountEmail":null,"vpc":null,"platform":"gcfv2","region":["us-central1"],"labels":{},"httpsTrigger":{},"entryPoint":"nextApp"}},"specVersion":"v1alpha1","requiredAPIs":[]}
[info] Connected to PostgreSQL

[info] i  functions: preparing functions directory for uploading... 
[info] i  functions: packaged /Users/roycewilliams/from-royce/functions (48.64 MB) for uploading 
[debug] [2025-09-14T22:17:48.143Z] Checked if tokens are valid: true, expires at: 1757889502822
[debug] [2025-09-14T22:17:48.143Z] Checked if tokens are valid: true, expires at: 1757889502822
[debug] [2025-09-14T22:17:48.143Z] >>> [apiv2][query] GET https://cloudfunctions.googleapis.com/v1/projects/from-royce/locations/-/functions [none]
[debug] [2025-09-14T22:17:48.838Z] <<< [apiv2][status] GET https://cloudfunctions.googleapis.com/v1/projects/from-royce/locations/-/functions 200
[debug] [2025-09-14T22:17:48.838Z] <<< [apiv2][body] GET https://cloudfunctions.googleapis.com/v1/projects/from-royce/locations/-/functions {}
[debug] [2025-09-14T22:17:48.838Z] Checked if tokens are valid: true, expires at: 1757889502822
[debug] [2025-09-14T22:17:48.838Z] Checked if tokens are valid: true, expires at: 1757889502822
[debug] [2025-09-14T22:17:48.840Z] >>> [apiv2][query] GET https://cloudfunctions.googleapis.com/v2/projects/from-royce/locations/-/functions filter=environment%3D%22GEN_2%22
[debug] [2025-09-14T22:17:49.233Z] <<< [apiv2][status] GET https://cloudfunctions.googleapis.com/v2/projects/from-royce/locations/-/functions 200
[debug] [2025-09-14T22:17:49.233Z] <<< [apiv2][body] GET https://cloudfunctions.googleapis.com/v2/projects/from-royce/locations/-/functions {"functions":[{"name":"projects/from-royce/locations/us-central1/functions/nextApp","buildConfig":{"build":"projects/1042271682270/locations/us-central1/builds/a6b1c5b4-2c2a-4312-aca9-57054c6acf4b","runtime":"nodejs20","entryPoint":"nextApp","source":{"storageSource":{"bucket":"gcf-v2-sources-1042271682270-us-central1","object":"nextApp/function-source.zip","generation":"1757888148022422"}},"environmentVariables":{"GOOGLE_NODE_RUN_SCRIPTS":""},"dockerRepository":"projects/from-royce/locations/us-central1/repositories/gcf-artifacts","sourceProvenance":{"resolvedStorageSource":{"bucket":"gcf-v2-sources-1042271682270-us-central1","object":"nextApp/function-source.zip","generation":"1757888148022422"}},"dockerRegistry":"ARTIFACT_REGISTRY","serviceAccount":"projects/from-royce/serviceAccounts/1042271682270-compute@developer.gserviceaccount.com","automaticUpdatePolicy":{}},"serviceConfig":{"service":"projects/from-royce/locations/us-central1/services/nextapp","timeoutSeconds":60,"environmentVariables":{"FIREBASE_CONFIG":"{\"projectId\":\"from-royce\",\"storageBucket\":\"from-royce.firebasestorage.app\"}","GCLOUD_PROJECT":"from-royce","EVENTARC_CLOUD_EVENT_SOURCE":"projects/from-royce/locations/us-central1/services/nextApp","FUNCTION_TARGET":"nextApp","LOG_EXECUTION_ID":"true"},"maxInstanceCount":20,"ingressSettings":"ALLOW_ALL","uri":"https://nextapp-gzf6b33bla-uc.a.run.app","serviceAccountEmail":"1042271682270-compute@developer.gserviceaccount.com","availableMemory":"256Mi","allTrafficOnLatestRevision":true,"secretEnvironmentVariables":[{"key":"DATABASE_URL","projectId":"from-royce","secret":"DATABASE_URL","version":"2"}],"revision":"nextapp-00122-gur","maxInstanceRequestConcurrency":80,"availableCpu":"1"},"state":"ACTIVE","updateTime":"2025-09-14T22:17:02.306132408Z","labels":{"deployment-tool":"cli-firebase","firebase-functions-hash":"6f31b3724f3d66746457278947a792782236d346"},"environment":"GEN_2","url":"https://us-central1-from-royce.cloudfunctions.net/nextApp","createTime":"2025-03-24T19:17:31.861389408Z","satisfiesPzi":true}]}
[info] i  functions: ensuring required API run.googleapis.com is enabled... 
[debug] [2025-09-14T22:17:49.235Z] Checked if tokens are valid: true, expires at: 1757889502822
[debug] [2025-09-14T22:17:49.235Z] Checked if tokens are valid: true, expires at: 1757889502822
[info] i  functions: ensuring required API eventarc.googleapis.com is enabled... 
[debug] [2025-09-14T22:17:49.235Z] Checked if tokens are valid: true, expires at: 1757889502822
[debug] [2025-09-14T22:17:49.235Z] Checked if tokens are valid: true, expires at: 1757889502822
[info] i  functions: ensuring required API pubsub.googleapis.com is enabled... 
[debug] [2025-09-14T22:17:49.235Z] Checked if tokens are valid: true, expires at: 1757889502822
[debug] [2025-09-14T22:17:49.235Z] Checked if tokens are valid: true, expires at: 1757889502822
[info] i  functions: ensuring required API storage.googleapis.com is enabled... 
[debug] [2025-09-14T22:17:49.236Z] Checked if tokens are valid: true, expires at: 1757889502822
[debug] [2025-09-14T22:17:49.236Z] Checked if tokens are valid: true, expires at: 1757889502822
[debug] [2025-09-14T22:17:49.236Z] >>> [apiv2][query] GET https://serviceusage.googleapis.com/v1/projects/from-royce/services/run.googleapis.com [none]
[debug] [2025-09-14T22:17:49.236Z] >>> [apiv2][(partial)header] GET https://serviceusage.googleapis.com/v1/projects/from-royce/services/run.googleapis.com x-goog-quota-user=projects/from-royce
[debug] [2025-09-14T22:17:49.237Z] >>> [apiv2][query] GET https://serviceusage.googleapis.com/v1/projects/from-royce/services/eventarc.googleapis.com [none]
[debug] [2025-09-14T22:17:49.237Z] >>> [apiv2][(partial)header] GET https://serviceusage.googleapis.com/v1/projects/from-royce/services/eventarc.googleapis.com x-goog-quota-user=projects/from-royce
[debug] [2025-09-14T22:17:49.238Z] >>> [apiv2][query] GET https://serviceusage.googleapis.com/v1/projects/from-royce/services/pubsub.googleapis.com [none]
[debug] [2025-09-14T22:17:49.238Z] >>> [apiv2][(partial)header] GET https://serviceusage.googleapis.com/v1/projects/from-royce/services/pubsub.googleapis.com x-goog-quota-user=projects/from-royce
[debug] [2025-09-14T22:17:49.238Z] >>> [apiv2][query] GET https://serviceusage.googleapis.com/v1/projects/from-royce/services/storage.googleapis.com [none]
[debug] [2025-09-14T22:17:49.238Z] >>> [apiv2][(partial)header] GET https://serviceusage.googleapis.com/v1/projects/from-royce/services/storage.googleapis.com x-goog-quota-user=projects/from-royce
[debug] [2025-09-14T22:17:49.761Z] <<< [apiv2][status] GET https://serviceusage.googleapis.com/v1/projects/from-royce/services/pubsub.googleapis.com 200
[debug] [2025-09-14T22:17:49.761Z] <<< [apiv2][body] GET https://serviceusage.googleapis.com/v1/projects/from-royce/services/pubsub.googleapis.com [omitted]
[info] ✔  functions: required API pubsub.googleapis.com is enabled 
[debug] [2025-09-14T22:17:49.763Z] <<< [apiv2][status] GET https://serviceusage.googleapis.com/v1/projects/from-royce/services/run.googleapis.com 200
[debug] [2025-09-14T22:17:49.763Z] <<< [apiv2][body] GET https://serviceusage.googleapis.com/v1/projects/from-royce/services/run.googleapis.com [omitted]
[info] ✔  functions: required API run.googleapis.com is enabled 
[debug] [2025-09-14T22:17:49.764Z] <<< [apiv2][status] GET https://serviceusage.googleapis.com/v1/projects/from-royce/services/eventarc.googleapis.com 200
[debug] [2025-09-14T22:17:49.764Z] <<< [apiv2][body] GET https://serviceusage.googleapis.com/v1/projects/from-royce/services/eventarc.googleapis.com [omitted]
[info] ✔  functions: required API eventarc.googleapis.com is enabled 
[debug] [2025-09-14T22:17:49.769Z] <<< [apiv2][status] GET https://serviceusage.googleapis.com/v1/projects/from-royce/services/storage.googleapis.com 200
[debug] [2025-09-14T22:17:49.769Z] <<< [apiv2][body] GET https://serviceusage.googleapis.com/v1/projects/from-royce/services/storage.googleapis.com [omitted]
[info] ✔  functions: required API storage.googleapis.com is enabled 
[info] i  functions: generating the service identity for pubsub.googleapis.com... 
[debug] [2025-09-14T22:17:49.769Z] Checked if tokens are valid: true, expires at: 1757889502822
[debug] [2025-09-14T22:17:49.769Z] Checked if tokens are valid: true, expires at: 1757889502822
[info] i  functions: generating the service identity for eventarc.googleapis.com... 
[debug] [2025-09-14T22:17:49.769Z] Checked if tokens are valid: true, expires at: 1757889502822
[debug] [2025-09-14T22:17:49.769Z] Checked if tokens are valid: true, expires at: 1757889502822
[debug] [2025-09-14T22:17:49.769Z] >>> [apiv2][query] POST https://serviceusage.googleapis.com/v1beta1/projects/1042271682270/services/pubsub.googleapis.com:generateServiceIdentity [none]
[debug] [2025-09-14T22:17:49.770Z] >>> [apiv2][query] POST https://serviceusage.googleapis.com/v1beta1/projects/1042271682270/services/eventarc.googleapis.com:generateServiceIdentity [none]
[debug] [2025-09-14T22:17:50.272Z] <<< [apiv2][status] POST https://serviceusage.googleapis.com/v1beta1/projects/1042271682270/services/pubsub.googleapis.com:generateServiceIdentity 200
[debug] [2025-09-14T22:17:50.273Z] <<< [apiv2][body] POST https://serviceusage.googleapis.com/v1beta1/projects/1042271682270/services/pubsub.googleapis.com:generateServiceIdentity {"name":"operations/finished.DONE_OPERATION","done":true,"response":{"@type":"type.googleapis.com/google.api.serviceusage.v1beta1.ServiceIdentity","email":"service-1042271682270@gcp-sa-pubsub.iam.gserviceaccount.com","uniqueId":"116668604386427004179"}}
[debug] [2025-09-14T22:17:50.386Z] <<< [apiv2][status] POST https://serviceusage.googleapis.com/v1beta1/projects/1042271682270/services/eventarc.googleapis.com:generateServiceIdentity 200
[debug] [2025-09-14T22:17:50.386Z] <<< [apiv2][body] POST https://serviceusage.googleapis.com/v1beta1/projects/1042271682270/services/eventarc.googleapis.com:generateServiceIdentity {"name":"operations/finished.DONE_OPERATION","done":true,"response":{"@type":"type.googleapis.com/google.api.serviceusage.v1beta1.ServiceIdentity","email":"service-1042271682270@gcp-sa-eventarc.iam.gserviceaccount.com","uniqueId":"102348200615108596579"}}
[debug] [2025-09-14T22:17:50.388Z] Checked if tokens are valid: true, expires at: 1757889502822
[debug] [2025-09-14T22:17:50.388Z] Checked if tokens are valid: true, expires at: 1757889502822
[debug] [2025-09-14T22:17:50.388Z] >>> [apiv2][query] GET https://cloudresourcemanager.googleapis.com/v1/projects/from-royce [none]
[debug] [2025-09-14T22:17:50.573Z] <<< [apiv2][status] GET https://cloudresourcemanager.googleapis.com/v1/projects/from-royce 200
[debug] [2025-09-14T22:17:50.574Z] <<< [apiv2][body] GET https://cloudresourcemanager.googleapis.com/v1/projects/from-royce {"projectNumber":"1042271682270","projectId":"from-royce","lifecycleState":"ACTIVE","name":"from-royce","labels":{"firebase":"enabled","firebase-core":"disabled"},"createTime":"2025-02-01T17:25:21.500891Z"}
[debug] [2025-09-14T22:17:50.576Z] Checked if tokens are valid: true, expires at: 1757889502822
[debug] [2025-09-14T22:17:50.576Z] Checked if tokens are valid: true, expires at: 1757889502822
[debug] [2025-09-14T22:17:50.576Z] >>> [apiv2][query] POST https://cloudfunctions.googleapis.com/v2/projects/from-royce/locations/us-central1/functions:generateUploadUrl [none]
[debug] [2025-09-14T22:17:50.774Z] <<< [apiv2][status] POST https://cloudfunctions.googleapis.com/v2/projects/from-royce/locations/us-central1/functions:generateUploadUrl 200
[debug] [2025-09-14T22:17:50.774Z] <<< [apiv2][body] POST https://cloudfunctions.googleapis.com/v2/projects/from-royce/locations/us-central1/functions:generateUploadUrl {"uploadUrl":"https://storage.googleapis.com/gcf-v2-uploads-1042271682270.us-central1.cloudfunctions.appspot.com/bb4d28e4-9de8-48c1-bbf0-414f5b58f341.zip?GoogleAccessId=service-1042271682270@gcf-admin-robot.iam.gserviceaccount.com&Expires=1757890070&Signature=jmR7LridbKiCRamtDqsXV473mc9jESmKPii2nFJtWjTY0rvcBMyWp%2BvDpRrrV5JBqvTI3JCeLTLLINAsUXYs2ZVA5wLDp39TPPqWf1PUmRKr9elRsC%2FrMxHkz7IDtgP%2BR%2B9JzGpV7%2BBS05988QiloLO516C%2F9MoW7tGmdL6b1t%2B9wBnVYIIKW0Q8cxVmQaDnocybA9RDLbQ5KBaVV6cf0VZdUUkZwp0JwsSVGeiv4d1PGH4BGBn4sNkRERBaOJ8KjFiTy0OPO431Y2i%2B9MYxQNVRYTtW1XXD6dLQkx42QwULHEFjH8tuAeef6AktpRXYEc3z792Vha5SU5KA0rx3iw%3D%3D","storageSource":{"bucket":"gcf-v2-uploads-1042271682270.us-central1.cloudfunctions.appspot.com","object":"bb4d28e4-9de8-48c1-bbf0-414f5b58f341.zip"}}
[debug] [2025-09-14T22:17:50.777Z] >>> [apiv2][query] PUT https://storage.googleapis.com/gcf-v2-uploads-1042271682270.us-central1.cloudfunctions.appspot.com/bb4d28e4-9de8-48c1-bbf0-414f5b58f341.zip GoogleAccessId=service-1042271682270%40gcf-admin-robot.iam.gserviceaccount.com&Expires=1757890070&Signature=jmR7LridbKiCRamtDqsXV473mc9jESmKPii2nFJtWjTY0rvcBMyWp%2BvDpRrrV5JBqvTI3JCeLTLLINAsUXYs2ZVA5wLDp39TPPqWf1PUmRKr9elRsC%2FrMxHkz7IDtgP%2BR%2B9JzGpV7%2BBS05988QiloLO516C%2F9MoW7tGmdL6b1t%2B9wBnVYIIKW0Q8cxVmQaDnocybA9RDLbQ5KBaVV6cf0VZdUUkZwp0JwsSVGeiv4d1PGH4BGBn4sNkRERBaOJ8KjFiTy0OPO431Y2i%2B9MYxQNVRYTtW1XXD6dLQkx42QwULHEFjH8tuAeef6AktpRXYEc3z792Vha5SU5KA0rx3iw%3D%3D
[debug] [2025-09-14T22:17:50.777Z] >>> [apiv2][body] PUT https://storage.googleapis.com/gcf-v2-uploads-1042271682270.us-central1.cloudfunctions.appspot.com/bb4d28e4-9de8-48c1-bbf0-414f5b58f341.zip [stream]
[debug] [2025-09-14T22:17:53.960Z] <<< [apiv2][status] PUT https://storage.googleapis.com/gcf-v2-uploads-1042271682270.us-central1.cloudfunctions.appspot.com/bb4d28e4-9de8-48c1-bbf0-414f5b58f341.zip 200
[debug] [2025-09-14T22:17:53.960Z] <<< [apiv2][body] PUT https://storage.googleapis.com/gcf-v2-uploads-1042271682270.us-central1.cloudfunctions.appspot.com/bb4d28e4-9de8-48c1-bbf0-414f5b58f341.zip [omitted]
[info] ✔  functions: functions folder uploaded successfully 
[info] i  functions: updating Node.js 20 (2nd Gen) function nextApp(us-central1)... 
[debug] [2025-09-14T22:17:53.965Z] Checked if tokens are valid: true, expires at: 1757889502822
[debug] [2025-09-14T22:17:53.965Z] Checked if tokens are valid: true, expires at: 1757889502822
[debug] [2025-09-14T22:17:53.966Z] >>> [apiv2][query] PATCH https://cloudfunctions.googleapis.com/v2/projects/from-royce/locations/us-central1/functions/nextApp updateMask=name%2CbuildConfig.runtime%2CbuildConfig.entryPoint%2CbuildConfig.source.storageSource.bucket%2CbuildConfig.source.storageSource.object%2CbuildConfig.environmentVariables%2CbuildConfig.sourceToken%2CserviceConfig.environmentVariables%2CserviceConfig.ingressSettings%2CserviceConfig.timeoutSeconds%2CserviceConfig.serviceAccountEmail%2CserviceConfig.availableMemory%2CserviceConfig.minInstanceCount%2CserviceConfig.maxInstanceCount%2CserviceConfig.maxInstanceRequestConcurrency%2CserviceConfig.availableCpu%2CserviceConfig.vpcConnector%2CserviceConfig.vpcConnectorEgressSettings%2Clabels%2CbuildConfig.buildEnvironmentVariables
[debug] [2025-09-14T22:17:53.966Z] >>> [apiv2][body] PATCH https://cloudfunctions.googleapis.com/v2/projects/from-royce/locations/us-central1/functions/nextApp {"name":"projects/from-royce/locations/us-central1/functions/nextApp","buildConfig":{"runtime":"nodejs20","entryPoint":"nextApp","source":{"storageSource":{"bucket":"gcf-v2-uploads-1042271682270.us-central1.cloudfunctions.appspot.com","object":"bb4d28e4-9de8-48c1-bbf0-414f5b58f341.zip"}},"environmentVariables":{"GOOGLE_NODE_RUN_SCRIPTS":""}},"serviceConfig":{"environmentVariables":{"FIREBASE_CONFIG":"{\"projectId\":\"from-royce\",\"storageBucket\":\"from-royce.firebasestorage.app\"}","GCLOUD_PROJECT":"from-royce","EVENTARC_CLOUD_EVENT_SOURCE":"projects/from-royce/locations/us-central1/services/nextApp","FUNCTION_TARGET":"nextApp","LOG_EXECUTION_ID":"true"},"ingressSettings":null,"timeoutSeconds":null,"serviceAccountEmail":null,"availableMemory":"256Mi","minInstanceCount":null,"maxInstanceCount":null,"maxInstanceRequestConcurrency":80,"availableCpu":"1","vpcConnector":null,"vpcConnectorEgressSettings":null},"labels":{"deployment-tool":"cli-firebase","firebase-functions-hash":"3234412917981567b1b3ada61b3611430093bfb1"}}
[debug] [2025-09-14T22:17:54.821Z] <<< [apiv2][status] PATCH https://cloudfunctions.googleapis.com/v2/projects/from-royce/locations/us-central1/functions/nextApp 200
[debug] [2025-09-14T22:17:54.821Z] <<< [apiv2][body] PATCH https://cloudfunctions.googleapis.com/v2/projects/from-royce/locations/us-central1/functions/nextApp {"name":"projects/from-royce/locations/us-central1/operations/operation-1757888274060-63eca422153eb-997a5ce7-24fb3a57","metadata":{"@type":"type.googleapis.com/google.cloud.functions.v2.OperationMetadata","createTime":"2025-09-14T22:17:54.767243013Z","target":"projects/from-royce/locations/us-central1/functions/nextApp","verb":"update","cancelRequested":false,"apiVersion":"v2"},"done":false}
[debug] [2025-09-14T22:17:54.822Z] Checked if tokens are valid: true, expires at: 1757889502822
[debug] [2025-09-14T22:17:54.822Z] Checked if tokens are valid: true, expires at: 1757889502822
[debug] [2025-09-14T22:17:54.823Z] >>> [apiv2][query] GET https://cloudfunctions.googleapis.com/v2/projects/from-royce/locations/us-central1/operations/operation-1757888274060-63eca422153eb-997a5ce7-24fb3a57 [none]
[debug] [2025-09-14T22:17:54.952Z] <<< [apiv2][status] GET https://cloudfunctions.googleapis.com/v2/projects/from-royce/locations/us-central1/operations/operation-1757888274060-63eca422153eb-997a5ce7-24fb3a57 200
[debug] [2025-09-14T22:17:54.952Z] <<< [apiv2][body] GET https://cloudfunctions.googleapis.com/v2/projects/from-royce/locations/us-central1/operations/operation-1757888274060-63eca422153eb-997a5ce7-24fb3a57 {"name":"projects/from-royce/locations/us-central1/operations/operation-1757888274060-63eca422153eb-997a5ce7-24fb3a57","metadata":{"@type":"type.googleapis.com/google.cloud.functions.v2.OperationMetadata","createTime":"2025-09-14T22:17:54.767243013Z","target":"projects/from-royce/locations/us-central1/functions/nextApp","verb":"update","cancelRequested":false,"apiVersion":"v2"},"done":false}
[debug] [2025-09-14T22:17:55.455Z] [update-default-us-central1-nextApp] Retrying task index 0
[debug] [2025-09-14T22:17:55.455Z] Checked if tokens are valid: true, expires at: 1757889502822
[debug] [2025-09-14T22:17:55.455Z] Checked if tokens are valid: true, expires at: 1757889502822
[debug] [2025-09-14T22:17:55.456Z] >>> [apiv2][query] GET https://cloudfunctions.googleapis.com/v2/projects/from-royce/locations/us-central1/operations/operation-1757888274060-63eca422153eb-997a5ce7-24fb3a57 [none]
[debug] [2025-09-14T22:17:55.585Z] <<< [apiv2][status] GET https://cloudfunctions.googleapis.com/v2/projects/from-royce/locations/us-central1/operations/operation-1757888274060-63eca422153eb-997a5ce7-24fb3a57 200
[debug] [2025-09-14T22:17:55.586Z] <<< [apiv2][body] GET https://cloudfunctions.googleapis.com/v2/projects/from-royce/locations/us-central1/operations/operation-1757888274060-63eca422153eb-997a5ce7-24fb3a57 {"name":"projects/from-royce/locations/us-central1/operations/operation-1757888274060-63eca422153eb-997a5ce7-24fb3a57","metadata":{"@type":"type.googleapis.com/google.cloud.functions.v2.OperationMetadata","createTime":"2025-09-14T22:17:54.767243013Z","target":"projects/from-royce/locations/us-central1/functions/nextApp","verb":"update","cancelRequested":false,"apiVersion":"v2","requestResource":{"@type":"type.googleapis.com/google.cloud.functions.v2.Function","name":"projects/from-royce/locations/us-central1/functions/nextApp","buildConfig":{"runtime":"nodejs20","entryPoint":"nextApp","source":{"storageSource":{"bucket":"gcf-v2-sources-1042271682270-us-central1","object":"nextApp/function-source.zip","generation":"1757888274718121"}},"environmentVariables":{"GOOGLE_NODE_RUN_SCRIPTS":""},"dockerRepository":"projects/from-royce/locations/us-central1/repositories/gcf-artifacts","sourceProvenance":{"resolvedStorageSource":{"bucket":"gcf-v2-sources-1042271682270-us-central1","object":"nextApp/function-source.zip","generation":"1757888148022422"}},"dockerRegistry":"ARTIFACT_REGISTRY","serviceAccount":"projects/from-royce/serviceAccounts/1042271682270-compute@developer.gserviceaccount.com","automaticUpdatePolicy":{}},"serviceConfig":{"service":"projects/from-royce/locations/us-central1/services/nextapp","timeoutSeconds":60,"environmentVariables":{"FIREBASE_CONFIG":"{\"projectId\":\"from-royce\",\"storageBucket\":\"from-royce.firebasestorage.app\"}","GCLOUD_PROJECT":"from-royce","EVENTARC_CLOUD_EVENT_SOURCE":"projects/from-royce/locations/us-central1/services/nextApp","FUNCTION_TARGET":"nextApp","LOG_EXECUTION_ID":"true"},"ingressSettings":"ALLOW_ALL","uri":"https://nextapp-gzf6b33bla-uc.a.run.app","serviceAccountEmail":"1042271682270-compute@developer.gserviceaccount.com","availableMemory":"256Mi","allTrafficOnLatestRevision":true,"secretEnvironmentVariables":[{"key":"DATABASE_URL","projectId":"from-royce","secret":"DATABASE_URL","version":"2"}],"revision":"nextapp-00122-gur","maxInstanceRequestConcurrency":80,"availableCpu":"1"},"state":"ACTIVE","labels":{"deployment-tool":"cli-firebase","firebase-functions-hash":"3234412917981567b1b3ada61b3611430093bfb1"},"environment":"GEN_2","url":"https://us-central1-from-royce.cloudfunctions.net/nextApp","satisfiesPzi":true},"stages":[{"name":"BUILD","message":"Creating build","state":"IN_PROGRESS","resource":"projects/1042271682270/locations/us-central1/builds/4ce18c72-822c-40b6-83d3-8b2c822fa08f","resourceUri":"https://console.cloud.google.com/cloud-build/builds;region=us-central1/4ce18c72-822c-40b6-83d3-8b2c822fa08f?project=1042271682270"},{"name":"SERVICE","state":"NOT_STARTED"}],"operationType":"UPDATE_FUNCTION","buildName":"projects/1042271682270/locations/us-central1/builds/4ce18c72-822c-40b6-83d3-8b2c822fa08f"},"done":false}
[debug] [2025-09-14T22:17:56.586Z] [update-default-us-central1-nextApp] Retrying task index 0
[debug] [2025-09-14T22:17:56.586Z] Checked if tokens are valid: true, expires at: 1757889502822
[debug] [2025-09-14T22:17:56.586Z] Checked if tokens are valid: true, expires at: 1757889502822
[debug] [2025-09-14T22:17:56.586Z] >>> [apiv2][query] GET https://cloudfunctions.googleapis.com/v2/projects/from-royce/locations/us-central1/operations/operation-1757888274060-63eca422153eb-997a5ce7-24fb3a57 [none]
[debug] [2025-09-14T22:17:56.700Z] <<< [apiv2][status] GET https://cloudfunctions.googleapis.com/v2/projects/from-royce/locations/us-central1/operations/operation-1757888274060-63eca422153eb-997a5ce7-24fb3a57 200
[debug] [2025-09-14T22:17:56.701Z] <<< [apiv2][body] GET https://cloudfunctions.googleapis.com/v2/projects/from-royce/locations/us-central1/operations/operation-1757888274060-63eca422153eb-997a5ce7-24fb3a57 {"name":"projects/from-royce/locations/us-central1/operations/operation-1757888274060-63eca422153eb-997a5ce7-24fb3a57","metadata":{"@type":"type.googleapis.com/google.cloud.functions.v2.OperationMetadata","createTime":"2025-09-14T22:17:54.767243013Z","target":"projects/from-royce/locations/us-central1/functions/nextApp","verb":"update","cancelRequested":false,"apiVersion":"v2","requestResource":{"@type":"type.googleapis.com/google.cloud.functions.v2.Function","name":"projects/from-royce/locations/us-central1/functions/nextApp","buildConfig":{"runtime":"nodejs20","entryPoint":"nextApp","source":{"storageSource":{"bucket":"gcf-v2-sources-1042271682270-us-central1","object":"nextApp/function-source.zip","generation":"1757888274718121"}},"environmentVariables":{"GOOGLE_NODE_RUN_SCRIPTS":""},"dockerRepository":"projects/from-royce/locations/us-central1/repositories/gcf-artifacts","sourceProvenance":{"resolvedStorageSource":{"bucket":"gcf-v2-sources-1042271682270-us-central1","object":"nextApp/function-source.zip","generation":"1757888148022422"}},"dockerRegistry":"ARTIFACT_REGISTRY","serviceAccount":"projects/from-royce/serviceAccounts/1042271682270-compute@developer.gserviceaccount.com","automaticUpdatePolicy":{}},"serviceConfig":{"service":"projects/from-royce/locations/us-central1/services/nextapp","timeoutSeconds":60,"environmentVariables":{"FIREBASE_CONFIG":"{\"projectId\":\"from-royce\",\"storageBucket\":\"from-royce.firebasestorage.app\"}","GCLOUD_PROJECT":"from-royce","EVENTARC_CLOUD_EVENT_SOURCE":"projects/from-royce/locations/us-central1/services/nextApp","FUNCTION_TARGET":"nextApp","LOG_EXECUTION_ID":"true"},"ingressSettings":"ALLOW_ALL","uri":"https://nextapp-gzf6b33bla-uc.a.run.app","serviceAccountEmail":"1042271682270-compute@developer.gserviceaccount.com","availableMemory":"256Mi","allTrafficOnLatestRevision":true,"secretEnvironmentVariables":[{"key":"DATABASE_URL","projectId":"from-royce","secret":"DATABASE_URL","version":"2"}],"revision":"nextapp-00122-gur","maxInstanceRequestConcurrency":80,"availableCpu":"1"},"state":"ACTIVE","labels":{"deployment-tool":"cli-firebase","firebase-functions-hash":"3234412917981567b1b3ada61b3611430093bfb1"},"environment":"GEN_2","url":"https://us-central1-from-royce.cloudfunctions.net/nextApp","satisfiesPzi":true},"stages":[{"name":"BUILD","message":"Build in progress","state":"IN_PROGRESS","resource":"projects/1042271682270/locations/us-central1/builds/4ce18c72-822c-40b6-83d3-8b2c822fa08f","resourceUri":"https://console.cloud.google.com/cloud-build/builds;region=us-central1/4ce18c72-822c-40b6-83d3-8b2c822fa08f?project=1042271682270"},{"name":"SERVICE","state":"NOT_STARTED"}],"operationType":"UPDATE_FUNCTION","buildName":"projects/1042271682270/locations/us-central1/builds/4ce18c72-822c-40b6-83d3-8b2c822fa08f"},"done":false}
[debug] [2025-09-14T22:17:58.702Z] [update-default-us-central1-nextApp] Retrying task index 0
[debug] [2025-09-14T22:17:58.703Z] Checked if tokens are valid: true, expires at: 1757889502822
[debug] [2025-09-14T22:17:58.703Z] Checked if tokens are valid: true, expires at: 1757889502822
[debug] [2025-09-14T22:17:58.703Z] >>> [apiv2][query] GET https://cloudfunctions.googleapis.com/v2/projects/from-royce/locations/us-central1/operations/operation-1757888274060-63eca422153eb-997a5ce7-24fb3a57 [none]
[debug] [2025-09-14T22:17:59.062Z] <<< [apiv2][status] GET https://cloudfunctions.googleapis.com/v2/projects/from-royce/locations/us-central1/operations/operation-1757888274060-63eca422153eb-997a5ce7-24fb3a57 200
[debug] [2025-09-14T22:17:59.062Z] <<< [apiv2][body] GET https://cloudfunctions.googleapis.com/v2/projects/from-royce/locations/us-central1/operations/operation-1757888274060-63eca422153eb-997a5ce7-24fb3a57 {"name":"projects/from-royce/locations/us-central1/operations/operation-1757888274060-63eca422153eb-997a5ce7-24fb3a57","metadata":{"@type":"type.googleapis.com/google.cloud.functions.v2.OperationMetadata","createTime":"2025-09-14T22:17:54.767243013Z","target":"projects/from-royce/locations/us-central1/functions/nextApp","verb":"update","cancelRequested":false,"apiVersion":"v2","requestResource":{"@type":"type.googleapis.com/google.cloud.functions.v2.Function","name":"projects/from-royce/locations/us-central1/functions/nextApp","buildConfig":{"runtime":"nodejs20","entryPoint":"nextApp","source":{"storageSource":{"bucket":"gcf-v2-sources-1042271682270-us-central1","object":"nextApp/function-source.zip","generation":"1757888274718121"}},"environmentVariables":{"GOOGLE_NODE_RUN_SCRIPTS":""},"dockerRepository":"projects/from-royce/locations/us-central1/repositories/gcf-artifacts","sourceProvenance":{"resolvedStorageSource":{"bucket":"gcf-v2-sources-1042271682270-us-central1","object":"nextApp/function-source.zip","generation":"1757888148022422"}},"dockerRegistry":"ARTIFACT_REGISTRY","serviceAccount":"projects/from-royce/serviceAccounts/1042271682270-compute@developer.gserviceaccount.com","automaticUpdatePolicy":{}},"serviceConfig":{"service":"projects/from-royce/locations/us-central1/services/nextapp","timeoutSeconds":60,"environmentVariables":{"FIREBASE_CONFIG":"{\"projectId\":\"from-royce\",\"storageBucket\":\"from-royce.firebasestorage.app\"}","GCLOUD_PROJECT":"from-royce","EVENTARC_CLOUD_EVENT_SOURCE":"projects/from-royce/locations/us-central1/services/nextApp","FUNCTION_TARGET":"nextApp","LOG_EXECUTION_ID":"true"},"ingressSettings":"ALLOW_ALL","uri":"https://nextapp-gzf6b33bla-uc.a.run.app","serviceAccountEmail":"1042271682270-compute@developer.gserviceaccount.com","availableMemory":"256Mi","allTrafficOnLatestRevision":true,"secretEnvironmentVariables":[{"key":"DATABASE_URL","projectId":"from-royce","secret":"DATABASE_URL","version":"2"}],"revision":"nextapp-00122-gur","maxInstanceRequestConcurrency":80,"availableCpu":"1"},"state":"ACTIVE","labels":{"deployment-tool":"cli-firebase","firebase-functions-hash":"3234412917981567b1b3ada61b3611430093bfb1"},"environment":"GEN_2","url":"https://us-central1-from-royce.cloudfunctions.net/nextApp","satisfiesPzi":true},"stages":[{"name":"BUILD","message":"Build in progress","state":"IN_PROGRESS","resource":"projects/1042271682270/locations/us-central1/builds/4ce18c72-822c-40b6-83d3-8b2c822fa08f","resourceUri":"https://console.cloud.google.com/cloud-build/builds;region=us-central1/4ce18c72-822c-40b6-83d3-8b2c822fa08f?project=1042271682270"},{"name":"SERVICE","state":"NOT_STARTED"}],"operationType":"UPDATE_FUNCTION","buildName":"projects/1042271682270/locations/us-central1/builds/4ce18c72-822c-40b6-83d3-8b2c822fa08f"},"done":false}
[debug] [2025-09-14T22:18:03.063Z] [update-default-us-central1-nextApp] Retrying task index 0
[debug] [2025-09-14T22:18:03.064Z] Checked if tokens are valid: true, expires at: 1757889502822
[debug] [2025-09-14T22:18:03.065Z] Checked if tokens are valid: true, expires at: 1757889502822
[debug] [2025-09-14T22:18:03.065Z] >>> [apiv2][query] GET https://cloudfunctions.googleapis.com/v2/projects/from-royce/locations/us-central1/operations/operation-1757888274060-63eca422153eb-997a5ce7-24fb3a57 [none]
[debug] [2025-09-14T22:18:03.397Z] <<< [apiv2][status] GET https://cloudfunctions.googleapis.com/v2/projects/from-royce/locations/us-central1/operations/operation-1757888274060-63eca422153eb-997a5ce7-24fb3a57 200
[debug] [2025-09-14T22:18:03.397Z] <<< [apiv2][body] GET https://cloudfunctions.googleapis.com/v2/projects/from-royce/locations/us-central1/operations/operation-1757888274060-63eca422153eb-997a5ce7-24fb3a57 {"name":"projects/from-royce/locations/us-central1/operations/operation-1757888274060-63eca422153eb-997a5ce7-24fb3a57","metadata":{"@type":"type.googleapis.com/google.cloud.functions.v2.OperationMetadata","createTime":"2025-09-14T22:17:54.767243013Z","target":"projects/from-royce/locations/us-central1/functions/nextApp","verb":"update","cancelRequested":false,"apiVersion":"v2","requestResource":{"@type":"type.googleapis.com/google.cloud.functions.v2.Function","name":"projects/from-royce/locations/us-central1/functions/nextApp","buildConfig":{"runtime":"nodejs20","entryPoint":"nextApp","source":{"storageSource":{"bucket":"gcf-v2-sources-1042271682270-us-central1","object":"nextApp/function-source.zip","generation":"1757888274718121"}},"environmentVariables":{"GOOGLE_NODE_RUN_SCRIPTS":""},"dockerRepository":"projects/from-royce/locations/us-central1/repositories/gcf-artifacts","sourceProvenance":{"resolvedStorageSource":{"bucket":"gcf-v2-sources-1042271682270-us-central1","object":"nextApp/function-source.zip","generation":"1757888148022422"}},"dockerRegistry":"ARTIFACT_REGISTRY","serviceAccount":"projects/from-royce/serviceAccounts/1042271682270-compute@developer.gserviceaccount.com","automaticUpdatePolicy":{}},"serviceConfig":{"service":"projects/from-royce/locations/us-central1/services/nextapp","timeoutSeconds":60,"environmentVariables":{"FIREBASE_CONFIG":"{\"projectId\":\"from-royce\",\"storageBucket\":\"from-royce.firebasestorage.app\"}","GCLOUD_PROJECT":"from-royce","EVENTARC_CLOUD_EVENT_SOURCE":"projects/from-royce/locations/us-central1/services/nextApp","FUNCTION_TARGET":"nextApp","LOG_EXECUTION_ID":"true"},"ingressSettings":"ALLOW_ALL","uri":"https://nextapp-gzf6b33bla-uc.a.run.app","serviceAccountEmail":"1042271682270-compute@developer.gserviceaccount.com","availableMemory":"256Mi","allTrafficOnLatestRevision":true,"secretEnvironmentVariables":[{"key":"DATABASE_URL","projectId":"from-royce","secret":"DATABASE_URL","version":"2"}],"revision":"nextapp-00122-gur","maxInstanceRequestConcurrency":80,"availableCpu":"1"},"state":"ACTIVE","labels":{"deployment-tool":"cli-firebase","firebase-functions-hash":"3234412917981567b1b3ada61b3611430093bfb1"},"environment":"GEN_2","url":"https://us-central1-from-royce.cloudfunctions.net/nextApp","satisfiesPzi":true},"stages":[{"name":"BUILD","message":"Build in progress","state":"IN_PROGRESS","resource":"projects/1042271682270/locations/us-central1/builds/4ce18c72-822c-40b6-83d3-8b2c822fa08f","resourceUri":"https://console.cloud.google.com/cloud-build/builds;region=us-central1/4ce18c72-822c-40b6-83d3-8b2c822fa08f?project=1042271682270"},{"name":"SERVICE","state":"NOT_STARTED"}],"operationType":"UPDATE_FUNCTION","buildName":"projects/1042271682270/locations/us-central1/builds/4ce18c72-822c-40b6-83d3-8b2c822fa08f"},"done":false}
[debug] [2025-09-14T22:18:11.398Z] [update-default-us-central1-nextApp] Retrying task index 0
[debug] [2025-09-14T22:18:11.398Z] Checked if tokens are valid: true, expires at: 1757889502822
[debug] [2025-09-14T22:18:11.398Z] Checked if tokens are valid: true, expires at: 1757889502822
[debug] [2025-09-14T22:18:11.398Z] >>> [apiv2][query] GET https://cloudfunctions.googleapis.com/v2/projects/from-royce/locations/us-central1/operations/operation-1757888274060-63eca422153eb-997a5ce7-24fb3a57 [none]
[debug] [2025-09-14T22:18:11.820Z] <<< [apiv2][status] GET https://cloudfunctions.googleapis.com/v2/projects/from-royce/locations/us-central1/operations/operation-1757888274060-63eca422153eb-997a5ce7-24fb3a57 200
[debug] [2025-09-14T22:18:11.820Z] <<< [apiv2][body] GET https://cloudfunctions.googleapis.com/v2/projects/from-royce/locations/us-central1/operations/operation-1757888274060-63eca422153eb-997a5ce7-24fb3a57 {"name":"projects/from-royce/locations/us-central1/operations/operation-1757888274060-63eca422153eb-997a5ce7-24fb3a57","metadata":{"@type":"type.googleapis.com/google.cloud.functions.v2.OperationMetadata","createTime":"2025-09-14T22:17:54.767243013Z","target":"projects/from-royce/locations/us-central1/functions/nextApp","verb":"update","cancelRequested":false,"apiVersion":"v2","requestResource":{"@type":"type.googleapis.com/google.cloud.functions.v2.Function","name":"projects/from-royce/locations/us-central1/functions/nextApp","buildConfig":{"runtime":"nodejs20","entryPoint":"nextApp","source":{"storageSource":{"bucket":"gcf-v2-sources-1042271682270-us-central1","object":"nextApp/function-source.zip","generation":"1757888274718121"}},"environmentVariables":{"GOOGLE_NODE_RUN_SCRIPTS":""},"dockerRepository":"projects/from-royce/locations/us-central1/repositories/gcf-artifacts","sourceProvenance":{"resolvedStorageSource":{"bucket":"gcf-v2-sources-1042271682270-us-central1","object":"nextApp/function-source.zip","generation":"1757888148022422"}},"dockerRegistry":"ARTIFACT_REGISTRY","serviceAccount":"projects/from-royce/serviceAccounts/1042271682270-compute@developer.gserviceaccount.com","automaticUpdatePolicy":{}},"serviceConfig":{"service":"projects/from-royce/locations/us-central1/services/nextapp","timeoutSeconds":60,"environmentVariables":{"FIREBASE_CONFIG":"{\"projectId\":\"from-royce\",\"storageBucket\":\"from-royce.firebasestorage.app\"}","GCLOUD_PROJECT":"from-royce","EVENTARC_CLOUD_EVENT_SOURCE":"projects/from-royce/locations/us-central1/services/nextApp","FUNCTION_TARGET":"nextApp","LOG_EXECUTION_ID":"true"},"ingressSettings":"ALLOW_ALL","uri":"https://nextapp-gzf6b33bla-uc.a.run.app","serviceAccountEmail":"1042271682270-compute@developer.gserviceaccount.com","availableMemory":"256Mi","allTrafficOnLatestRevision":true,"secretEnvironmentVariables":[{"key":"DATABASE_URL","projectId":"from-royce","secret":"DATABASE_URL","version":"2"}],"revision":"nextapp-00122-gur","maxInstanceRequestConcurrency":80,"availableCpu":"1"},"state":"ACTIVE","labels":{"deployment-tool":"cli-firebase","firebase-functions-hash":"3234412917981567b1b3ada61b3611430093bfb1"},"environment":"GEN_2","url":"https://us-central1-from-royce.cloudfunctions.net/nextApp","satisfiesPzi":true},"stages":[{"name":"BUILD","message":"Build in progress","state":"IN_PROGRESS","resource":"projects/1042271682270/locations/us-central1/builds/4ce18c72-822c-40b6-83d3-8b2c822fa08f","resourceUri":"https://console.cloud.google.com/cloud-build/builds;region=us-central1/4ce18c72-822c-40b6-83d3-8b2c822fa08f?project=1042271682270"},{"name":"SERVICE","state":"NOT_STARTED"}],"operationType":"UPDATE_FUNCTION","buildName":"projects/1042271682270/locations/us-central1/builds/4ce18c72-822c-40b6-83d3-8b2c822fa08f"},"done":false}
[debug] [2025-09-14T22:18:21.822Z] [update-default-us-central1-nextApp] Retrying task index 0
[debug] [2025-09-14T22:18:21.822Z] Checked if tokens are valid: true, expires at: 1757889502822
[debug] [2025-09-14T22:18:21.822Z] Checked if tokens are valid: true, expires at: 1757889502822
[debug] [2025-09-14T22:18:21.823Z] >>> [apiv2][query] GET https://cloudfunctions.googleapis.com/v2/projects/from-royce/locations/us-central1/operations/operation-1757888274060-63eca422153eb-997a5ce7-24fb3a57 [none]
[debug] [2025-09-14T22:18:22.321Z] <<< [apiv2][status] GET https://cloudfunctions.googleapis.com/v2/projects/from-royce/locations/us-central1/operations/operation-1757888274060-63eca422153eb-997a5ce7-24fb3a57 200
[debug] [2025-09-14T22:18:22.321Z] <<< [apiv2][body] GET https://cloudfunctions.googleapis.com/v2/projects/from-royce/locations/us-central1/operations/operation-1757888274060-63eca422153eb-997a5ce7-24fb3a57 {"name":"projects/from-royce/locations/us-central1/operations/operation-1757888274060-63eca422153eb-997a5ce7-24fb3a57","metadata":{"@type":"type.googleapis.com/google.cloud.functions.v2.OperationMetadata","createTime":"2025-09-14T22:17:54.767243013Z","target":"projects/from-royce/locations/us-central1/functions/nextApp","verb":"update","cancelRequested":false,"apiVersion":"v2","requestResource":{"@type":"type.googleapis.com/google.cloud.functions.v2.Function","name":"projects/from-royce/locations/us-central1/functions/nextApp","buildConfig":{"runtime":"nodejs20","entryPoint":"nextApp","source":{"storageSource":{"bucket":"gcf-v2-sources-1042271682270-us-central1","object":"nextApp/function-source.zip","generation":"1757888274718121"}},"environmentVariables":{"GOOGLE_NODE_RUN_SCRIPTS":""},"dockerRepository":"projects/from-royce/locations/us-central1/repositories/gcf-artifacts","sourceProvenance":{"resolvedStorageSource":{"bucket":"gcf-v2-sources-1042271682270-us-central1","object":"nextApp/function-source.zip","generation":"1757888148022422"}},"dockerRegistry":"ARTIFACT_REGISTRY","serviceAccount":"projects/from-royce/serviceAccounts/1042271682270-compute@developer.gserviceaccount.com","automaticUpdatePolicy":{}},"serviceConfig":{"service":"projects/from-royce/locations/us-central1/services/nextapp","timeoutSeconds":60,"environmentVariables":{"FIREBASE_CONFIG":"{\"projectId\":\"from-royce\",\"storageBucket\":\"from-royce.firebasestorage.app\"}","GCLOUD_PROJECT":"from-royce","EVENTARC_CLOUD_EVENT_SOURCE":"projects/from-royce/locations/us-central1/services/nextApp","FUNCTION_TARGET":"nextApp","LOG_EXECUTION_ID":"true"},"ingressSettings":"ALLOW_ALL","uri":"https://nextapp-gzf6b33bla-uc.a.run.app","serviceAccountEmail":"1042271682270-compute@developer.gserviceaccount.com","availableMemory":"256Mi","allTrafficOnLatestRevision":true,"secretEnvironmentVariables":[{"key":"DATABASE_URL","projectId":"from-royce","secret":"DATABASE_URL","version":"2"}],"revision":"nextapp-00122-gur","maxInstanceRequestConcurrency":80,"availableCpu":"1"},"state":"ACTIVE","labels":{"deployment-tool":"cli-firebase","firebase-functions-hash":"3234412917981567b1b3ada61b3611430093bfb1"},"environment":"GEN_2","url":"https://us-central1-from-royce.cloudfunctions.net/nextApp","satisfiesPzi":true},"stages":[{"name":"BUILD","message":"Build in progress","state":"IN_PROGRESS","resource":"projects/1042271682270/locations/us-central1/builds/4ce18c72-822c-40b6-83d3-8b2c822fa08f","resourceUri":"https://console.cloud.google.com/cloud-build/builds;region=us-central1/4ce18c72-822c-40b6-83d3-8b2c822fa08f?project=1042271682270"},{"name":"SERVICE","state":"NOT_STARTED"}],"operationType":"UPDATE_FUNCTION","buildName":"projects/1042271682270/locations/us-central1/builds/4ce18c72-822c-40b6-83d3-8b2c822fa08f"},"done":false}
[debug] [2025-09-14T22:18:32.323Z] [update-default-us-central1-nextApp] Retrying task index 0
[debug] [2025-09-14T22:18:32.324Z] Checked if tokens are valid: true, expires at: 1757889502822
[debug] [2025-09-14T22:18:32.324Z] Checked if tokens are valid: true, expires at: 1757889502822
[debug] [2025-09-14T22:18:32.324Z] >>> [apiv2][query] GET https://cloudfunctions.googleapis.com/v2/projects/from-royce/locations/us-central1/operations/operation-1757888274060-63eca422153eb-997a5ce7-24fb3a57 [none]
[debug] [2025-09-14T22:18:32.716Z] <<< [apiv2][status] GET https://cloudfunctions.googleapis.com/v2/projects/from-royce/locations/us-central1/operations/operation-1757888274060-63eca422153eb-997a5ce7-24fb3a57 200
[debug] [2025-09-14T22:18:32.716Z] <<< [apiv2][body] GET https://cloudfunctions.googleapis.com/v2/projects/from-royce/locations/us-central1/operations/operation-1757888274060-63eca422153eb-997a5ce7-24fb3a57 {"name":"projects/from-royce/locations/us-central1/operations/operation-1757888274060-63eca422153eb-997a5ce7-24fb3a57","metadata":{"@type":"type.googleapis.com/google.cloud.functions.v2.OperationMetadata","createTime":"2025-09-14T22:17:54.767243013Z","target":"projects/from-royce/locations/us-central1/functions/nextApp","verb":"update","cancelRequested":false,"apiVersion":"v2","requestResource":{"@type":"type.googleapis.com/google.cloud.functions.v2.Function","name":"projects/from-royce/locations/us-central1/functions/nextApp","buildConfig":{"runtime":"nodejs20","entryPoint":"nextApp","source":{"storageSource":{"bucket":"gcf-v2-sources-1042271682270-us-central1","object":"nextApp/function-source.zip","generation":"1757888274718121"}},"environmentVariables":{"GOOGLE_NODE_RUN_SCRIPTS":""},"dockerRepository":"projects/from-royce/locations/us-central1/repositories/gcf-artifacts","sourceProvenance":{"resolvedStorageSource":{"bucket":"gcf-v2-sources-1042271682270-us-central1","object":"nextApp/function-source.zip","generation":"1757888148022422"}},"dockerRegistry":"ARTIFACT_REGISTRY","serviceAccount":"projects/from-royce/serviceAccounts/1042271682270-compute@developer.gserviceaccount.com","automaticUpdatePolicy":{}},"serviceConfig":{"service":"projects/from-royce/locations/us-central1/services/nextapp","timeoutSeconds":60,"environmentVariables":{"FIREBASE_CONFIG":"{\"projectId\":\"from-royce\",\"storageBucket\":\"from-royce.firebasestorage.app\"}","GCLOUD_PROJECT":"from-royce","EVENTARC_CLOUD_EVENT_SOURCE":"projects/from-royce/locations/us-central1/services/nextApp","FUNCTION_TARGET":"nextApp","LOG_EXECUTION_ID":"true"},"ingressSettings":"ALLOW_ALL","uri":"https://nextapp-gzf6b33bla-uc.a.run.app","serviceAccountEmail":"1042271682270-compute@developer.gserviceaccount.com","availableMemory":"256Mi","allTrafficOnLatestRevision":true,"secretEnvironmentVariables":[{"key":"DATABASE_URL","projectId":"from-royce","secret":"DATABASE_URL","version":"2"}],"revision":"nextapp-00122-gur","maxInstanceRequestConcurrency":80,"availableCpu":"1"},"state":"ACTIVE","labels":{"deployment-tool":"cli-firebase","firebase-functions-hash":"3234412917981567b1b3ada61b3611430093bfb1"},"environment":"GEN_2","url":"https://us-central1-from-royce.cloudfunctions.net/nextApp","satisfiesPzi":true},"stages":[{"name":"BUILD","message":"Build in progress","state":"IN_PROGRESS","resource":"projects/1042271682270/locations/us-central1/builds/4ce18c72-822c-40b6-83d3-8b2c822fa08f","resourceUri":"https://console.cloud.google.com/cloud-build/builds;region=us-central1/4ce18c72-822c-40b6-83d3-8b2c822fa08f?project=1042271682270"},{"name":"SERVICE","state":"NOT_STARTED"}],"operationType":"UPDATE_FUNCTION","buildName":"projects/1042271682270/locations/us-central1/builds/4ce18c72-822c-40b6-83d3-8b2c822fa08f"},"done":false}
[debug] [2025-09-14T22:18:42.717Z] [update-default-us-central1-nextApp] Retrying task index 0
[debug] [2025-09-14T22:18:42.717Z] Checked if tokens are valid: true, expires at: 1757889502822
[debug] [2025-09-14T22:18:42.717Z] Checked if tokens are valid: true, expires at: 1757889502822
[debug] [2025-09-14T22:18:42.717Z] >>> [apiv2][query] GET https://cloudfunctions.googleapis.com/v2/projects/from-royce/locations/us-central1/operations/operation-1757888274060-63eca422153eb-997a5ce7-24fb3a57 [none]
[debug] [2025-09-14T22:18:43.123Z] <<< [apiv2][status] GET https://cloudfunctions.googleapis.com/v2/projects/from-royce/locations/us-central1/operations/operation-1757888274060-63eca422153eb-997a5ce7-24fb3a57 200
[debug] [2025-09-14T22:18:43.124Z] <<< [apiv2][body] GET https://cloudfunctions.googleapis.com/v2/projects/from-royce/locations/us-central1/operations/operation-1757888274060-63eca422153eb-997a5ce7-24fb3a57 {"name":"projects/from-royce/locations/us-central1/operations/operation-1757888274060-63eca422153eb-997a5ce7-24fb3a57","metadata":{"@type":"type.googleapis.com/google.cloud.functions.v2.OperationMetadata","createTime":"2025-09-14T22:17:54.767243013Z","target":"projects/from-royce/locations/us-central1/functions/nextApp","verb":"update","cancelRequested":false,"apiVersion":"v2","requestResource":{"@type":"type.googleapis.com/google.cloud.functions.v2.Function","name":"projects/from-royce/locations/us-central1/functions/nextApp","buildConfig":{"runtime":"nodejs20","entryPoint":"nextApp","source":{"storageSource":{"bucket":"gcf-v2-sources-1042271682270-us-central1","object":"nextApp/function-source.zip","generation":"1757888274718121"}},"environmentVariables":{"GOOGLE_NODE_RUN_SCRIPTS":""},"dockerRepository":"projects/from-royce/locations/us-central1/repositories/gcf-artifacts","sourceProvenance":{"resolvedStorageSource":{"bucket":"gcf-v2-sources-1042271682270-us-central1","object":"nextApp/function-source.zip","generation":"1757888148022422"}},"dockerRegistry":"ARTIFACT_REGISTRY","serviceAccount":"projects/from-royce/serviceAccounts/1042271682270-compute@developer.gserviceaccount.com","automaticUpdatePolicy":{}},"serviceConfig":{"service":"projects/from-royce/locations/us-central1/services/nextapp","timeoutSeconds":60,"environmentVariables":{"FIREBASE_CONFIG":"{\"projectId\":\"from-royce\",\"storageBucket\":\"from-royce.firebasestorage.app\"}","GCLOUD_PROJECT":"from-royce","EVENTARC_CLOUD_EVENT_SOURCE":"projects/from-royce/locations/us-central1/services/nextApp","FUNCTION_TARGET":"nextApp","LOG_EXECUTION_ID":"true"},"ingressSettings":"ALLOW_ALL","uri":"https://nextapp-gzf6b33bla-uc.a.run.app","serviceAccountEmail":"1042271682270-compute@developer.gserviceaccount.com","availableMemory":"256Mi","allTrafficOnLatestRevision":true,"secretEnvironmentVariables":[{"key":"DATABASE_URL","projectId":"from-royce","secret":"DATABASE_URL","version":"2"}],"revision":"nextapp-00122-gur","maxInstanceRequestConcurrency":80,"availableCpu":"1"},"state":"ACTIVE","labels":{"deployment-tool":"cli-firebase","firebase-functions-hash":"3234412917981567b1b3ada61b3611430093bfb1"},"environment":"GEN_2","url":"https://us-central1-from-royce.cloudfunctions.net/nextApp","satisfiesPzi":true},"stages":[{"name":"BUILD","message":"Build in progress","state":"IN_PROGRESS","resource":"projects/1042271682270/locations/us-central1/builds/4ce18c72-822c-40b6-83d3-8b2c822fa08f","resourceUri":"https://console.cloud.google.com/cloud-build/builds;region=us-central1/4ce18c72-822c-40b6-83d3-8b2c822fa08f?project=1042271682270"},{"name":"SERVICE","state":"NOT_STARTED"}],"operationType":"UPDATE_FUNCTION","buildName":"projects/1042271682270/locations/us-central1/builds/4ce18c72-822c-40b6-83d3-8b2c822fa08f"},"done":false}
[debug] [2025-09-14T22:18:53.125Z] [update-default-us-central1-nextApp] Retrying task index 0
[debug] [2025-09-14T22:18:53.125Z] Checked if tokens are valid: true, expires at: 1757889502822
[debug] [2025-09-14T22:18:53.125Z] Checked if tokens are valid: true, expires at: 1757889502822
[debug] [2025-09-14T22:18:53.125Z] >>> [apiv2][query] GET https://cloudfunctions.googleapis.com/v2/projects/from-royce/locations/us-central1/operations/operation-1757888274060-63eca422153eb-997a5ce7-24fb3a57 [none]
[debug] [2025-09-14T22:18:53.311Z] <<< [apiv2][status] GET https://cloudfunctions.googleapis.com/v2/projects/from-royce/locations/us-central1/operations/operation-1757888274060-63eca422153eb-997a5ce7-24fb3a57 200
[debug] [2025-09-14T22:18:53.311Z] <<< [apiv2][body] GET https://cloudfunctions.googleapis.com/v2/projects/from-royce/locations/us-central1/operations/operation-1757888274060-63eca422153eb-997a5ce7-24fb3a57 {"name":"projects/from-royce/locations/us-central1/operations/operation-1757888274060-63eca422153eb-997a5ce7-24fb3a57","metadata":{"@type":"type.googleapis.com/google.cloud.functions.v2.OperationMetadata","createTime":"2025-09-14T22:17:54.767243013Z","target":"projects/from-royce/locations/us-central1/functions/nextApp","verb":"update","cancelRequested":false,"apiVersion":"v2","requestResource":{"@type":"type.googleapis.com/google.cloud.functions.v2.Function","name":"projects/from-royce/locations/us-central1/functions/nextApp","buildConfig":{"runtime":"nodejs20","entryPoint":"nextApp","source":{"storageSource":{"bucket":"gcf-v2-sources-1042271682270-us-central1","object":"nextApp/function-source.zip","generation":"1757888274718121"}},"environmentVariables":{"GOOGLE_NODE_RUN_SCRIPTS":""},"dockerRepository":"projects/from-royce/locations/us-central1/repositories/gcf-artifacts","sourceProvenance":{"resolvedStorageSource":{"bucket":"gcf-v2-sources-1042271682270-us-central1","object":"nextApp/function-source.zip","generation":"1757888148022422"}},"dockerRegistry":"ARTIFACT_REGISTRY","serviceAccount":"projects/from-royce/serviceAccounts/1042271682270-compute@developer.gserviceaccount.com","automaticUpdatePolicy":{}},"serviceConfig":{"service":"projects/from-royce/locations/us-central1/services/nextapp","timeoutSeconds":60,"environmentVariables":{"FIREBASE_CONFIG":"{\"projectId\":\"from-royce\",\"storageBucket\":\"from-royce.firebasestorage.app\"}","GCLOUD_PROJECT":"from-royce","EVENTARC_CLOUD_EVENT_SOURCE":"projects/from-royce/locations/us-central1/services/nextApp","FUNCTION_TARGET":"nextApp","LOG_EXECUTION_ID":"true"},"ingressSettings":"ALLOW_ALL","uri":"https://nextapp-gzf6b33bla-uc.a.run.app","serviceAccountEmail":"1042271682270-compute@developer.gserviceaccount.com","availableMemory":"256Mi","allTrafficOnLatestRevision":true,"secretEnvironmentVariables":[{"key":"DATABASE_URL","projectId":"from-royce","secret":"DATABASE_URL","version":"2"}],"revision":"nextapp-00122-gur","maxInstanceRequestConcurrency":80,"availableCpu":"1"},"state":"ACTIVE","labels":{"deployment-tool":"cli-firebase","firebase-functions-hash":"3234412917981567b1b3ada61b3611430093bfb1"},"environment":"GEN_2","url":"https://us-central1-from-royce.cloudfunctions.net/nextApp","satisfiesPzi":true},"stages":[{"name":"BUILD","message":"Build in progress","state":"IN_PROGRESS","resource":"projects/1042271682270/locations/us-central1/builds/4ce18c72-822c-40b6-83d3-8b2c822fa08f","resourceUri":"https://console.cloud.google.com/cloud-build/builds;region=us-central1/4ce18c72-822c-40b6-83d3-8b2c822fa08f?project=1042271682270"},{"name":"SERVICE","state":"NOT_STARTED"}],"operationType":"UPDATE_FUNCTION","buildName":"projects/1042271682270/locations/us-central1/builds/4ce18c72-822c-40b6-83d3-8b2c822fa08f"},"done":false}
